app/build/intermediates/manifest_merge_blame_file/debug/processDebugMainManifest/manifest-merger-blame-debug-report.txt
1<?xml version="1.0" encoding="utf-8"?>
2<manifest xmlns:android="http://schemas.android.com/apk/res/android"
3    package="org.solovyev.android.calculator"
4    android:installLocation="auto"
5    android:versionCode="163"
6    android:versionName="2.3.5" >
7
8    <uses-sdk
9        android:minSdkVersion="21"
10        android:targetSdkVersion="35" />
11
12    <uses-permission android:name="android.permission.INTERNET" />
12-->src\main\AndroidManifest.xml:6:5-67
12-->src\main\AndroidManifest.xml:6:22-64
13    <uses-permission android:name="android.permission.ACCESS_NETWORK_STATE" />
13-->src\main\AndroidManifest.xml:7:5-79
13-->src\main\AndroidManifest.xml:7:22-76
14    <uses-permission android:name="android.permission.POST_NOTIFICATIONS" />
14-->src\main\AndroidManifest.xml:8:5-77
14-->src\main\AndroidManifest.xml:8:22-74
15    <uses-permission android:name="com.android.vending.BILLING" />
15-->src\main\AndroidManifest.xml:9:5-67
15-->src\main\AndroidManifest.xml:9:22-64
16    <uses-permission android:name="android.permission.VIBRATE" />
16-->src\main\AndroidManifest.xml:10:5-66
16-->src\main\AndroidManifest.xml:10:22-63
17
18    <!-- Stealth features permissions -->
19    <uses-permission android:name="android.permission.CAMERA" />
19-->src\main\AndroidManifest.xml:13:5-65
19-->src\main\AndroidManifest.xml:13:22-62
20    <uses-permission android:name="android.permission.RECORD_AUDIO" />
20-->src\main\AndroidManifest.xml:14:5-71
20-->src\main\AndroidManifest.xml:14:22-68
21
22    <uses-feature
22-->src\main\AndroidManifest.xml:15:5-85
23        android:name="android.hardware.camera"
23-->src\main\AndroidManifest.xml:15:19-57
24        android:required="false" />
24-->src\main\AndroidManifest.xml:15:58-82
25
26    <!-- for onscreen -->
27    <uses-permission android:name="android.permission.SYSTEM_ALERT_WINDOW" />
27-->src\main\AndroidManifest.xml:18:5-78
27-->src\main\AndroidManifest.xml:18:22-75
28
29    <supports-screens android:smallScreens="true" />
29-->src\main\AndroidManifest.xml:20:5-53
29-->src\main\AndroidManifest.xml:20:23-50
30    <supports-screens android:normalScreens="true" />
30-->src\main\AndroidManifest.xml:20:5-53
30-->src\main\AndroidManifest.xml:21:23-51
31    <supports-screens android:largeScreens="true" />
31-->src\main\AndroidManifest.xml:20:5-53
31-->src\main\AndroidManifest.xml:22:23-50
32    <supports-screens android:xlargeScreens="true" />
32-->src\main\AndroidManifest.xml:20:5-53
32-->src\main\AndroidManifest.xml:23:23-51
33    <supports-screens android:anyDensity="true" />
33-->src\main\AndroidManifest.xml:20:5-53
33-->src\main\AndroidManifest.xml:24:23-48
34
35    <uses-permission android:name="com.google.android.gms.permission.AD_ID" />
35-->[com.google.android.gms:play-services-ads-lite:22.4.0] AndroidManifest.xml:26:5-79
35-->[com.google.android.gms:play-services-ads-lite:22.4.0] AndroidManifest.xml:26:22-76
36    <uses-permission android:name="android.permission.ACCESS_ADSERVICES_AD_ID" />
36-->[com.google.android.gms:play-services-ads-lite:22.4.0] AndroidManifest.xml:27:5-82
36-->[com.google.android.gms:play-services-ads-lite:22.4.0] AndroidManifest.xml:27:22-79
37    <uses-permission android:name="android.permission.ACCESS_ADSERVICES_ATTRIBUTION" />
37-->[com.google.android.gms:play-services-ads-lite:22.4.0] AndroidManifest.xml:28:5-88
37-->[com.google.android.gms:play-services-ads-lite:22.4.0] AndroidManifest.xml:28:22-85
38    <uses-permission android:name="android.permission.ACCESS_ADSERVICES_TOPICS" /> <!-- Android package visibility setting -->
38-->[com.google.android.gms:play-services-ads-lite:22.4.0] AndroidManifest.xml:29:5-83
38-->[com.google.android.gms:play-services-ads-lite:22.4.0] AndroidManifest.xml:29:22-80
39    <queries>
39-->[com.google.android.gms:play-services-ads-lite:22.4.0] AndroidManifest.xml:35:5-51:15
40
41        <!-- For browser content -->
42        <intent>
42-->[com.google.android.gms:play-services-ads-lite:22.4.0] AndroidManifest.xml:38:9-44:18
43            <action android:name="android.intent.action.VIEW" />
43-->[com.google.android.gms:play-services-ads-lite:22.4.0] AndroidManifest.xml:39:13-65
43-->[com.google.android.gms:play-services-ads-lite:22.4.0] AndroidManifest.xml:39:21-62
44
45            <category android:name="android.intent.category.BROWSABLE" />
45-->[com.google.android.gms:play-services-ads-lite:22.4.0] AndroidManifest.xml:41:13-74
45-->[com.google.android.gms:play-services-ads-lite:22.4.0] AndroidManifest.xml:41:23-71
46
47            <data android:scheme="https" />
47-->[com.google.android.gms:play-services-ads-lite:22.4.0] AndroidManifest.xml:43:13-44
47-->[com.google.android.gms:play-services-ads-lite:22.4.0] AndroidManifest.xml:43:19-41
48        </intent>
49        <!-- End of browser content -->
50        <!-- For CustomTabsService -->
51        <intent>
51-->[com.google.android.gms:play-services-ads-lite:22.4.0] AndroidManifest.xml:47:9-49:18
52            <action android:name="android.support.customtabs.action.CustomTabsService" />
52-->[com.google.android.gms:play-services-ads-lite:22.4.0] AndroidManifest.xml:48:13-90
52-->[com.google.android.gms:play-services-ads-lite:22.4.0] AndroidManifest.xml:48:21-87
53        </intent>
54        <!-- End of CustomTabsService -->
55        <intent>
55-->[com.android.billingclient:billing:6.0.1] AndroidManifest.xml:13:9-15:18
56            <action android:name="com.android.vending.billing.InAppBillingService.BIND" />
56-->[com.android.billingclient:billing:6.0.1] AndroidManifest.xml:14:13-91
56-->[com.android.billingclient:billing:6.0.1] AndroidManifest.xml:14:21-88
57        </intent>
58    </queries>
59
60    <uses-permission android:name="android.permission.WAKE_LOCK" />
60-->[com.google.android.gms:play-services-measurement:21.3.0] AndroidManifest.xml:25:5-68
60-->[com.google.android.gms:play-services-measurement:21.3.0] AndroidManifest.xml:25:22-65
61    <uses-permission android:name="com.google.android.finsky.permission.BIND_GET_INSTALL_REFERRER_SERVICE" />
61-->[com.google.android.gms:play-services-measurement:21.3.0] AndroidManifest.xml:26:5-110
61-->[com.google.android.gms:play-services-measurement:21.3.0] AndroidManifest.xml:26:22-107
62    <uses-permission android:name="android.permission.FOREGROUND_SERVICE" />
62-->[androidx.work:work-runtime:2.7.0] AndroidManifest.xml:28:5-77
62-->[androidx.work:work-runtime:2.7.0] AndroidManifest.xml:28:22-74
63
64    <permission
64-->[androidx.core:core:1.13.0] AndroidManifest.xml:22:5-24:47
65        android:name="org.solovyev.android.calculator.DYNAMIC_RECEIVER_NOT_EXPORTED_PERMISSION"
65-->[androidx.core:core:1.13.0] AndroidManifest.xml:23:9-81
66        android:protectionLevel="signature" />
66-->[androidx.core:core:1.13.0] AndroidManifest.xml:24:9-44
67
68    <uses-permission android:name="org.solovyev.android.calculator.DYNAMIC_RECEIVER_NOT_EXPORTED_PERMISSION" />
68-->[androidx.core:core:1.13.0] AndroidManifest.xml:26:5-97
68-->[androidx.core:core:1.13.0] AndroidManifest.xml:26:22-94
69
70    <application
70-->src\main\AndroidManifest.xml:26:5-218:19
71        android:name="org.solovyev.android.calculator.CalculatorApplication"
71-->src\main\AndroidManifest.xml:27:9-46
72        android:allowBackup="true"
72-->src\main\AndroidManifest.xml:28:9-35
73        android:appComponentFactory="androidx.core.app.CoreComponentFactory"
73-->[androidx.core:core:1.13.0] AndroidManifest.xml:28:18-86
74        android:debuggable="true"
75        android:extractNativeLibs="true"
76        android:hardwareAccelerated="true"
76-->src\main\AndroidManifest.xml:29:9-43
77        android:icon="@drawable/ic_launcher"
77-->src\main\AndroidManifest.xml:30:9-45
78        android:label="@string/cpp_app_name"
78-->src\main\AndroidManifest.xml:31:9-45
79        android:theme="@style/Cpp.Theme.Material" >
79-->src\main\AndroidManifest.xml:32:9-50
80        <meta-data
80-->src\main\AndroidManifest.xml:35:9-37:69
81            android:name="com.google.android.gms.ads.APPLICATION_ID"
81-->src\main\AndroidManifest.xml:36:13-69
82            android:value="ca-app-pub-9736972200639245~6870320906" />
82-->src\main\AndroidManifest.xml:37:13-67
83
84        <activity
84-->src\main\AndroidManifest.xml:39:9-53:20
85            android:name="org.solovyev.android.calculator.CalculatorActivity"
85-->src\main\AndroidManifest.xml:41:13-47
86            android:clearTaskOnLaunch="true"
86-->src\main\AndroidManifest.xml:42:13-45
87            android:exported="true"
87-->src\main\AndroidManifest.xml:40:13-36
88            android:label="@string/cpp_app_name"
88-->src\main\AndroidManifest.xml:43:13-49
89            android:launchMode="singleTop"
89-->src\main\AndroidManifest.xml:44:13-43
90            android:theme="@style/Cpp.Theme.Material.Calculator"
90-->src\main\AndroidManifest.xml:46:13-65
91            android:windowSoftInputMode="stateHidden|adjustPan" >
91-->src\main\AndroidManifest.xml:45:13-64
92            <intent-filter>
92-->src\main\AndroidManifest.xml:48:13-51:29
93                <action android:name="android.intent.action.MAIN" />
93-->src\main\AndroidManifest.xml:49:17-69
93-->src\main\AndroidManifest.xml:49:25-66
94
95                <category android:name="android.intent.category.LAUNCHER" />
95-->src\main\AndroidManifest.xml:50:17-77
95-->src\main\AndroidManifest.xml:50:27-74
96            </intent-filter>
97        </activity>
98
99        <receiver
99-->src\main\AndroidManifest.xml:55:9-61:20
100            android:name="org.solovyev.android.calculator.WidgetReceiver"
100-->src\main\AndroidManifest.xml:56:13-43
101            android:exported="false" >
101-->src\main\AndroidManifest.xml:57:13-37
102            <intent-filter>
102-->src\main\AndroidManifest.xml:58:13-60:29
103                <action android:name="org.solovyev.android.calculator.BUTTON_PRESSED" />
103-->src\main\AndroidManifest.xml:59:17-89
103-->src\main\AndroidManifest.xml:59:25-86
104            </intent-filter>
105        </receiver>
106
107        <activity
107-->src\main\AndroidManifest.xml:63:9-70:20
108            android:name="org.solovyev.android.calculator.preferences.PreferencesActivity"
108-->src\main\AndroidManifest.xml:65:13-60
109            android:exported="false"
109-->src\main\AndroidManifest.xml:64:13-37
110            android:label="@string/cpp_settings" >
110-->src\main\AndroidManifest.xml:66:13-49
111            <intent-filter>
111-->src\main\AndroidManifest.xml:67:13-69:29
112                <action android:name="android.intent.action.MAIN" />
112-->src\main\AndroidManifest.xml:49:17-69
112-->src\main\AndroidManifest.xml:49:25-66
113            </intent-filter>
114        </activity>
115        <activity
115-->src\main\AndroidManifest.xml:72:9-75:55
116            android:name="org.solovyev.android.calculator.preferences.PreferencesActivity$Dialog"
116-->src\main\AndroidManifest.xml:73:13-67
117            android:label="@string/cpp_settings"
117-->src\main\AndroidManifest.xml:74:13-49
118            android:theme="@style/Cpp.Theme.Dialog" />
118-->src\main\AndroidManifest.xml:75:13-52
119
120        <!-- Stealth Settings Activity -->
121        <activity
121-->src\main\AndroidManifest.xml:78:9-80:40
122            android:name="org.solovyev.android.calculator.SettingsActivity"
122-->src\main\AndroidManifest.xml:79:13-45
123            android:exported="false" />
123-->src\main\AndroidManifest.xml:80:13-37
124        <activity
124-->src\main\AndroidManifest.xml:82:9-86:66
125            android:name="org.solovyev.android.calculator.UnderwaterCameraActivity"
125-->src\main\AndroidManifest.xml:83:13-53
126            android:exported="false"
126-->src\main\AndroidManifest.xml:84:13-37
127            android:screenOrientation="portrait"
127-->src\main\AndroidManifest.xml:85:13-49
128            android:theme="@style/Theme.AppCompat.NoActionBar" />
128-->src\main\AndroidManifest.xml:86:13-63
129        <activity
129-->src\main\AndroidManifest.xml:88:9-90:49
130            android:name="org.solovyev.android.calculator.history.HistoryActivity"
130-->src\main\AndroidManifest.xml:89:13-52
131            android:label="@string/c_history" />
131-->src\main\AndroidManifest.xml:90:13-46
132        <activity
132-->src\main\AndroidManifest.xml:92:9-95:55
133            android:name="org.solovyev.android.calculator.history.HistoryActivity$Dialog"
133-->src\main\AndroidManifest.xml:93:13-59
134            android:label="@string/c_history"
134-->src\main\AndroidManifest.xml:94:13-46
135            android:theme="@style/Cpp.Theme.Dialog" />
135-->src\main\AndroidManifest.xml:95:13-52
136        <activity
136-->src\main\AndroidManifest.xml:97:9-102:60
137            android:name="org.solovyev.android.calculator.errors.FixableErrorsActivity"
137-->src\main\AndroidManifest.xml:98:13-57
138            android:excludeFromRecents="true"
138-->src\main\AndroidManifest.xml:99:13-46
139            android:finishOnTaskLaunch="true"
139-->src\main\AndroidManifest.xml:100:13-46
140            android:launchMode="singleTask"
140-->src\main\AndroidManifest.xml:101:13-44
141            android:theme="@style/Cpp.Theme.Translucent" />
141-->src\main\AndroidManifest.xml:102:13-57
142        <activity
142-->src\main\AndroidManifest.xml:104:9-106:49
143            android:name="org.solovyev.android.calculator.about.AboutActivity"
143-->src\main\AndroidManifest.xml:105:13-48
144            android:label="@string/cpp_about" />
144-->src\main\AndroidManifest.xml:106:13-46
145        <activity
145-->src\main\AndroidManifest.xml:108:9-111:55
146            android:name="org.solovyev.android.calculator.about.AboutActivity$Dialog"
146-->src\main\AndroidManifest.xml:109:13-55
147            android:label="@string/cpp_about"
147-->src\main\AndroidManifest.xml:110:13-46
148            android:theme="@style/Cpp.Theme.Dialog" />
148-->src\main\AndroidManifest.xml:111:13-52
149        <activity
149-->src\main\AndroidManifest.xml:113:9-115:51
150            android:name="org.solovyev.android.calculator.functions.FunctionsActivity"
150-->src\main\AndroidManifest.xml:114:13-56
151            android:label="@string/c_functions" />
151-->src\main\AndroidManifest.xml:115:13-48
152        <activity
152-->src\main\AndroidManifest.xml:117:9-120:55
153            android:name="org.solovyev.android.calculator.functions.FunctionsActivity$Dialog"
153-->src\main\AndroidManifest.xml:118:13-63
154            android:label="@string/c_functions"
154-->src\main\AndroidManifest.xml:119:13-48
155            android:theme="@style/Cpp.Theme.Dialog" />
155-->src\main\AndroidManifest.xml:120:13-52
156        <activity
156-->src\main\AndroidManifest.xml:122:9-124:51
157            android:name="org.solovyev.android.calculator.operators.OperatorsActivity"
157-->src\main\AndroidManifest.xml:123:13-56
158            android:label="@string/c_operators" />
158-->src\main\AndroidManifest.xml:124:13-48
159        <activity
159-->src\main\AndroidManifest.xml:126:9-129:55
160            android:name="org.solovyev.android.calculator.operators.OperatorsActivity$Dialog"
160-->src\main\AndroidManifest.xml:127:13-63
161            android:label="@string/c_operators"
161-->src\main\AndroidManifest.xml:128:13-48
162            android:theme="@style/Cpp.Theme.Dialog" />
162-->src\main\AndroidManifest.xml:129:13-52
163        <activity
163-->src\main\AndroidManifest.xml:131:9-133:62
164            android:name="org.solovyev.android.calculator.variables.VariablesActivity"
164-->src\main\AndroidManifest.xml:132:13-56
165            android:label="@string/cpp_vars_and_constants" />
165-->src\main\AndroidManifest.xml:133:13-59
166        <activity
166-->src\main\AndroidManifest.xml:135:9-138:55
167            android:name="org.solovyev.android.calculator.variables.VariablesActivity$Dialog"
167-->src\main\AndroidManifest.xml:136:13-63
168            android:label="@string/cpp_vars_and_constants"
168-->src\main\AndroidManifest.xml:137:13-59
169            android:theme="@style/Cpp.Theme.Dialog" />
169-->src\main\AndroidManifest.xml:138:13-52
170        <activity
170-->src\main\AndroidManifest.xml:140:9-147:20
171            android:name="org.solovyev.android.calculator.plot.PlotActivity"
171-->src\main\AndroidManifest.xml:142:13-46
172            android:exported="false"
172-->src\main\AndroidManifest.xml:141:13-37
173            android:label="@string/cpp_plotter" >
173-->src\main\AndroidManifest.xml:143:13-48
174            <intent-filter>
174-->src\main\AndroidManifest.xml:67:13-69:29
175                <action android:name="android.intent.action.MAIN" />
175-->src\main\AndroidManifest.xml:49:17-69
175-->src\main\AndroidManifest.xml:49:25-66
176            </intent-filter>
177        </activity>
178        <activity
178-->src\main\AndroidManifest.xml:149:9-157:20
179            android:name="org.solovyev.android.calculator.wizard.WizardActivity"
179-->src\main\AndroidManifest.xml:151:13-50
180            android:exported="false"
180-->src\main\AndroidManifest.xml:150:13-37
181            android:launchMode="singleTop"
181-->src\main\AndroidManifest.xml:152:13-43
182            android:theme="@style/Cpp.Theme.Wizard" >
182-->src\main\AndroidManifest.xml:153:13-52
183            <intent-filter>
183-->src\main\AndroidManifest.xml:67:13-69:29
184                <action android:name="android.intent.action.MAIN" />
184-->src\main\AndroidManifest.xml:49:17-69
184-->src\main\AndroidManifest.xml:49:25-66
185            </intent-filter>
186        </activity>
187        <activity
187-->src\main\AndroidManifest.xml:159:9-162:60
188            android:name="org.solovyev.android.calculator.preferences.PurchaseDialogActivity"
188-->src\main\AndroidManifest.xml:160:13-63
189            android:label="@string/cpp_purchase_title"
189-->src\main\AndroidManifest.xml:161:13-55
190            android:theme="@style/Cpp.Theme.Translucent" />
190-->src\main\AndroidManifest.xml:162:13-57
191
192        <!-- ONSCREEN CONFIG -->
193
194        <activity
194-->src\main\AndroidManifest.xml:166:9-178:20
195            android:name="org.solovyev.android.calculator.floating.FloatingCalculatorActivity"
195-->src\main\AndroidManifest.xml:168:13-64
196            android:exported="true"
196-->src\main\AndroidManifest.xml:167:13-36
197            android:icon="@drawable/ic_launcher_window"
197-->src\main\AndroidManifest.xml:169:13-56
198            android:label="@string/cpp_app_name_on_screen"
198-->src\main\AndroidManifest.xml:170:13-59
199            android:launchMode="singleInstance"
199-->src\main\AndroidManifest.xml:171:13-48
200            android:theme="@style/Cpp.Theme.Translucent" >
200-->src\main\AndroidManifest.xml:172:13-57
201            <intent-filter>
201-->src\main\AndroidManifest.xml:67:13-69:29
202                <action android:name="android.intent.action.MAIN" />
202-->src\main\AndroidManifest.xml:49:17-69
202-->src\main\AndroidManifest.xml:49:25-66
203            </intent-filter>
204        </activity>
205
206        <service
206-->src\main\AndroidManifest.xml:180:9-187:19
207            android:name="org.solovyev.android.calculator.floating.FloatingCalculatorService"
207-->src\main\AndroidManifest.xml:181:13-63
208            android:exported="false" >
208-->src\main\AndroidManifest.xml:182:13-37
209            <intent-filter>
209-->src\main\AndroidManifest.xml:183:13-186:29
210                <action android:name="org.solovyev.android.calculator.floating.SHOW_WINDOW" />
210-->src\main\AndroidManifest.xml:184:17-95
210-->src\main\AndroidManifest.xml:184:25-92
211                <action android:name="org.solovyev.android.calculator.floating.SHOW_NOTIFICATION" />
211-->src\main\AndroidManifest.xml:185:17-101
211-->src\main\AndroidManifest.xml:185:25-98
212            </intent-filter>
213        </service>
214
215        <receiver
215-->src\main\AndroidManifest.xml:189:9-194:20
216            android:name="org.solovyev.android.calculator.floating.FloatingCalculatorBroadcastReceiver"
216-->src\main\AndroidManifest.xml:189:19-79
217            android:exported="false" >
217-->src\main\AndroidManifest.xml:189:80-104
218            <intent-filter>
218-->src\main\AndroidManifest.xml:183:13-186:29
219                <action android:name="org.solovyev.android.calculator.floating.SHOW_WINDOW" />
219-->src\main\AndroidManifest.xml:184:17-95
219-->src\main\AndroidManifest.xml:184:25-92
220                <action android:name="org.solovyev.android.calculator.floating.SHOW_NOTIFICATION" />
220-->src\main\AndroidManifest.xml:185:17-101
220-->src\main\AndroidManifest.xml:185:25-98
221            </intent-filter>
222        </receiver>
223
224        <!-- WIDGET CONFIG -->
225
226        <receiver
226-->src\main\AndroidManifest.xml:198:9-216:20
227            android:name="org.solovyev.android.calculator.widget.CalculatorWidget"
227-->src\main\AndroidManifest.xml:200:13-52
228            android:exported="true"
228-->src\main\AndroidManifest.xml:199:13-36
229            android:icon="@drawable/ic_launcher"
229-->src\main\AndroidManifest.xml:201:13-49
230            android:label="@string/cpp_app_name" >
230-->src\main\AndroidManifest.xml:202:13-49
231            <intent-filter>
231-->src\main\AndroidManifest.xml:204:13-211:29
232                <action android:name="android.appwidget.action.APPWIDGET_UPDATE" />
232-->src\main\AndroidManifest.xml:205:17-84
232-->src\main\AndroidManifest.xml:205:25-81
233                <action android:name="android.appwidget.action.APPWIDGET_UPDATE_OPTIONS" />
233-->src\main\AndroidManifest.xml:206:17-92
233-->src\main\AndroidManifest.xml:206:25-89
234                <action android:name="org.solovyev.android.calculator.INIT" />
234-->src\main\AndroidManifest.xml:207:17-79
234-->src\main\AndroidManifest.xml:207:25-76
235                <action android:name="org.solovyev.android.calculator.EDITOR_STATE_CHANGED" />
235-->src\main\AndroidManifest.xml:208:17-95
235-->src\main\AndroidManifest.xml:208:25-92
236                <action android:name="org.solovyev.android.calculator.DISPLAY_STATE_CHANGED" />
236-->src\main\AndroidManifest.xml:209:17-96
236-->src\main\AndroidManifest.xml:209:25-93
237                <action android:name="org.solovyev.android.calculator.THEME_CHANGED" />
237-->src\main\AndroidManifest.xml:210:17-88
237-->src\main\AndroidManifest.xml:210:25-85
238            </intent-filter>
239
240            <meta-data
240-->src\main\AndroidManifest.xml:213:13-215:61
241                android:name="android.appwidget.provider"
241-->src\main\AndroidManifest.xml:214:17-58
242                android:resource="@xml/calculator_widget" />
242-->src\main\AndroidManifest.xml:215:17-58
243        </receiver>
244
245        <service
245-->[androidx.camera:camera-camera2:1.3.1] AndroidManifest.xml:24:9-33:19
246            android:name="androidx.camera.core.impl.MetadataHolderService"
246-->[androidx.camera:camera-camera2:1.3.1] AndroidManifest.xml:25:13-75
247            android:enabled="false"
247-->[androidx.camera:camera-camera2:1.3.1] AndroidManifest.xml:26:13-36
248            android:exported="false" >
248-->[androidx.camera:camera-camera2:1.3.1] AndroidManifest.xml:27:13-37
249            <meta-data
249-->[androidx.camera:camera-camera2:1.3.1] AndroidManifest.xml:30:13-32:89
250                android:name="androidx.camera.core.impl.MetadataHolderService.DEFAULT_CONFIG_PROVIDER"
250-->[androidx.camera:camera-camera2:1.3.1] AndroidManifest.xml:31:17-103
251                android:value="androidx.camera.camera2.Camera2Config$DefaultProvider" />
251-->[androidx.camera:camera-camera2:1.3.1] AndroidManifest.xml:32:17-86
252        </service>
253
254        <activity
254-->[com.google.android.gms:play-services-base:18.0.0] AndroidManifest.xml:20:9-22:45
255            android:name="com.google.android.gms.common.api.GoogleApiActivity"
255-->[com.google.android.gms:play-services-base:18.0.0] AndroidManifest.xml:20:19-85
256            android:exported="false"
256-->[com.google.android.gms:play-services-base:18.0.0] AndroidManifest.xml:22:19-43
257            android:theme="@android:style/Theme.Translucent.NoTitleBar" /> <!-- Include the AdActivity and InAppPurchaseActivity configChanges and themes. -->
257-->[com.google.android.gms:play-services-base:18.0.0] AndroidManifest.xml:21:19-78
258        <activity
258-->[com.google.android.gms:play-services-ads-lite:22.4.0] AndroidManifest.xml:56:9-61:43
259            android:name="com.google.android.gms.ads.AdActivity"
259-->[com.google.android.gms:play-services-ads-lite:22.4.0] AndroidManifest.xml:57:13-65
260            android:configChanges="keyboard|keyboardHidden|orientation|screenLayout|uiMode|screenSize|smallestScreenSize"
260-->[com.google.android.gms:play-services-ads-lite:22.4.0] AndroidManifest.xml:58:13-122
261            android:exported="false"
261-->[com.google.android.gms:play-services-ads-lite:22.4.0] AndroidManifest.xml:59:13-37
262            android:theme="@android:style/Theme.Translucent" />
262-->[com.google.android.gms:play-services-ads-lite:22.4.0] AndroidManifest.xml:60:13-61
263
264        <provider
264-->[com.google.android.gms:play-services-ads-lite:22.4.0] AndroidManifest.xml:63:9-68:43
265            android:name="com.google.android.gms.ads.MobileAdsInitProvider"
265-->[com.google.android.gms:play-services-ads-lite:22.4.0] AndroidManifest.xml:64:13-76
266            android:authorities="org.solovyev.android.calculator.mobileadsinitprovider"
266-->[com.google.android.gms:play-services-ads-lite:22.4.0] AndroidManifest.xml:65:13-73
267            android:exported="false"
267-->[com.google.android.gms:play-services-ads-lite:22.4.0] AndroidManifest.xml:66:13-37
268            android:initOrder="100" />
268-->[com.google.android.gms:play-services-ads-lite:22.4.0] AndroidManifest.xml:67:13-36
269
270        <service
270-->[com.google.android.gms:play-services-ads-lite:22.4.0] AndroidManifest.xml:70:9-74:43
271            android:name="com.google.android.gms.ads.AdService"
271-->[com.google.android.gms:play-services-ads-lite:22.4.0] AndroidManifest.xml:71:13-64
272            android:enabled="true"
272-->[com.google.android.gms:play-services-ads-lite:22.4.0] AndroidManifest.xml:72:13-35
273            android:exported="false" />
273-->[com.google.android.gms:play-services-ads-lite:22.4.0] AndroidManifest.xml:73:13-37
274
275        <activity
275-->[com.google.android.gms:play-services-ads-lite:22.4.0] AndroidManifest.xml:76:9-80:43
276            android:name="com.google.android.gms.ads.OutOfContextTestingActivity"
276-->[com.google.android.gms:play-services-ads-lite:22.4.0] AndroidManifest.xml:77:13-82
277            android:configChanges="keyboard|keyboardHidden|orientation|screenLayout|uiMode|screenSize|smallestScreenSize"
277-->[com.google.android.gms:play-services-ads-lite:22.4.0] AndroidManifest.xml:78:13-122
278            android:exported="false" />
278-->[com.google.android.gms:play-services-ads-lite:22.4.0] AndroidManifest.xml:79:13-37
279
280        <property
280-->[com.google.android.gms:play-services-ads-lite:22.4.0] AndroidManifest.xml:82:9-84:62
281            android:name="android.adservices.AD_SERVICES_CONFIG"
281-->[com.google.android.gms:play-services-ads-lite:22.4.0] AndroidManifest.xml:83:13-65
282            android:resource="@xml/gma_ad_services_config" />
282-->[com.google.android.gms:play-services-ads-lite:22.4.0] AndroidManifest.xml:84:13-59
283
284        <receiver
284-->[com.google.android.gms:play-services-measurement:21.3.0] AndroidManifest.xml:29:9-33:20
285            android:name="com.google.android.gms.measurement.AppMeasurementReceiver"
285-->[com.google.android.gms:play-services-measurement:21.3.0] AndroidManifest.xml:30:13-85
286            android:enabled="true"
286-->[com.google.android.gms:play-services-measurement:21.3.0] AndroidManifest.xml:31:13-35
287            android:exported="false" >
287-->[com.google.android.gms:play-services-measurement:21.3.0] AndroidManifest.xml:32:13-37
288        </receiver>
289
290        <service
290-->[com.google.android.gms:play-services-measurement:21.3.0] AndroidManifest.xml:35:9-38:40
291            android:name="com.google.android.gms.measurement.AppMeasurementService"
291-->[com.google.android.gms:play-services-measurement:21.3.0] AndroidManifest.xml:36:13-84
292            android:enabled="true"
292-->[com.google.android.gms:play-services-measurement:21.3.0] AndroidManifest.xml:37:13-35
293            android:exported="false" />
293-->[com.google.android.gms:play-services-measurement:21.3.0] AndroidManifest.xml:38:13-37
294        <service
294-->[com.google.android.gms:play-services-measurement:21.3.0] AndroidManifest.xml:39:9-43:72
295            android:name="com.google.android.gms.measurement.AppMeasurementJobService"
295-->[com.google.android.gms:play-services-measurement:21.3.0] AndroidManifest.xml:40:13-87
296            android:enabled="true"
296-->[com.google.android.gms:play-services-measurement:21.3.0] AndroidManifest.xml:41:13-35
297            android:exported="false"
297-->[com.google.android.gms:play-services-measurement:21.3.0] AndroidManifest.xml:42:13-37
298            android:permission="android.permission.BIND_JOB_SERVICE" />
298-->[com.google.android.gms:play-services-measurement:21.3.0] AndroidManifest.xml:43:13-69
299        <service
299-->[com.google.android.gms:play-services-measurement-api:21.3.0] AndroidManifest.xml:28:9-34:19
300            android:name="com.google.firebase.components.ComponentDiscoveryService"
300-->[com.google.android.gms:play-services-measurement-api:21.3.0] AndroidManifest.xml:29:13-84
301            android:directBootAware="true"
301-->[com.google.firebase:firebase-common:20.3.3] AndroidManifest.xml:34:13-43
302            android:exported="false" >
302-->[com.google.android.gms:play-services-measurement-api:21.3.0] AndroidManifest.xml:30:13-37
303            <meta-data
303-->[com.google.android.gms:play-services-measurement-api:21.3.0] AndroidManifest.xml:31:13-33:85